app/build/intermediates/manifest_merge_blame_file/debug/processDebugMainManifest/manifest-merger-blame-debug-report.txt
1<?xml version="1.0" encoding="utf-8"?>
2<manifest xmlns:android="http://schemas.android.com/apk/res/android"
3    package="com.ruipereira.mysweetcall"
4    android:versionCode="1"
5    android:versionName="1.0" >
6
7    <uses-sdk
8        android:minSdkVersion="29"
9        android:targetSdkVersion="32" />
10
11    <uses-permission android:name="android.permission.CALL_PHONE" />
11-->src\main\AndroidManifest.xml:4:5-69
11-->src\main\AndroidManifest.xml:4:22-66
12    <uses-permission android:name="android.permission.READ_EXTERNAL_STORAGE" />
12-->src\main\AndroidManifest.xml:5:5-79
12-->src\main\AndroidManifest.xml:5:22-77
13    <uses-permission android:name="android.permission.BLUETOOTH" />
13-->src\main\AndroidManifest.xml:6:5-67
13-->src\main\AndroidManifest.xml:6:22-65
14    <uses-permission android:name="android.permission.VIBRATE" />
14-->src\main\AndroidManifest.xml:7:5-65
14-->src\main\AndroidManifest.xml:7:22-63
15
16    <!-- Include required permissions for Google Maps API to run. -->
17    <uses-permission android:name="android.permission.ACCESS_NETWORK_STATE" />
17-->[com.google.android.gms:play-services-maps:18.1.0] AndroidManifest.xml:23:5-79
17-->[com.google.android.gms:play-services-maps:18.1.0] AndroidManifest.xml:23:22-76
18    <uses-permission android:name="android.permission.INTERNET" />
18-->[com.google.android.gms:play-services-maps:18.1.0] AndroidManifest.xml:24:5-67
18-->[com.google.android.gms:play-services-maps:18.1.0] AndroidManifest.xml:24:22-64
19
20    <uses-feature
20-->[com.google.android.gms:play-services-maps:18.1.0] AndroidManifest.xml:26:5-28:35
21        android:glEsVersion="0x00020000"
21-->[com.google.android.gms:play-services-maps:18.1.0] AndroidManifest.xml:27:9-41
22        android:required="true" />
22-->[com.google.android.gms:play-services-maps:18.1.0] AndroidManifest.xml:28:9-32
23
24    <queries>
24-->[com.google.android.gms:play-services-maps:18.1.0] AndroidManifest.xml:30:5-34:15
25
26        <!-- Needs to be explicitly declared on Android R+ -->
27        <package android:name="com.google.android.apps.maps" />
27-->[com.google.android.gms:play-services-maps:18.1.0] AndroidManifest.xml:33:9-64
27-->[com.google.android.gms:play-services-maps:18.1.0] AndroidManifest.xml:33:18-61
28    </queries>
29
30    <application
30-->src\main\AndroidManifest.xml:9:5-86:19
31        android:allowBackup="true"
31-->src\main\AndroidManifest.xml:10:9-35
32        android:appComponentFactory="androidx.core.app.CoreComponentFactory"
32-->[androidx.core:core:1.8.0] AndroidManifest.xml:24:18-86
33        android:dataExtractionRules="@xml/data_extraction_rules"
33-->src\main\AndroidManifest.xml:11:9-65
34        android:debuggable="true"
35        android:extractNativeLibs="false"
36        android:fullBackupContent="@xml/backup_rules"
36-->src\main\AndroidManifest.xml:12:9-54
37        android:icon="@drawable/icon"
37-->src\main\AndroidManifest.xml:13:9-38
38        android:label="@string/app_name"
38-->src\main\AndroidManifest.xml:14:9-41
39        android:roundIcon="@drawable/ico"
39-->src\main\AndroidManifest.xml:15:9-42
40        android:supportsRtl="true"
40-->src\main\AndroidManifest.xml:16:9-35
41        android:testOnly="true"
42        android:theme="@style/Theme.MySweetCall" >
42-->src\main\AndroidManifest.xml:17:9-49
43        <activity
43-->src\main\AndroidManifest.xml:19:9-25:20
44            android:name="com.ruipereira.MySweetCall.Sobre"
44-->src\main\AndroidManifest.xml:20:13-60
45            android:exported="false" >
45-->src\main\AndroidManifest.xml:21:13-37
46            <meta-data
46-->src\main\AndroidManifest.xml:22:13-24:36
47                android:name="android.app.lib_name"
47-->src\main\AndroidManifest.xml:23:17-52
48                android:value="" />
48-->src\main\AndroidManifest.xml:24:17-33
49        </activity>
50        <activity
50-->src\main\AndroidManifest.xml:26:9-32:20
51            android:name="com.ruipereira.MySweetCall.Pin"
51-->src\main\AndroidManifest.xml:27:13-58
52            android:exported="false" >
52-->src\main\AndroidManifest.xml:28:13-37
53            <meta-data
53-->src\main\AndroidManifest.xml:22:13-24:36
54                android:name="android.app.lib_name"
54-->src\main\AndroidManifest.xml:23:17-52
55                android:value="" />
55-->src\main\AndroidManifest.xml:24:17-33
56        </activity>
57        <activity
57-->src\main\AndroidManifest.xml:33:9-45:20
58            android:name="com.ruipereira.MySweetCall.Splash"
58-->src\main\AndroidManifest.xml:34:13-61
59            android:exported="true" >
59-->src\main\AndroidManifest.xml:35:13-36
60            <intent-filter>
60-->src\main\AndroidManifest.xml:36:13-40:29
61                <action android:name="android.intent.action.MAIN" />
61-->src\main\AndroidManifest.xml:37:17-69
61-->src\main\AndroidManifest.xml:37:25-66
62
63                <category android:name="android.intent.category.LAUNCHER" />
63-->src\main\AndroidManifest.xml:39:17-77
63-->src\main\AndroidManifest.xml:39:27-74
64            </intent-filter>
65
66            <meta-data
66-->src\main\AndroidManifest.xml:22:13-24:36
67                android:name="android.app.lib_name"
67-->src\main\AndroidManifest.xml:23:17-52
68                android:value="" />
68-->src\main\AndroidManifest.xml:24:17-33
69        </activity>
70        <!--
71             TODO: Before you run your application, you need a Google Maps API key.
72
73             To get one, follow the directions here:
74
75                https://developers.google.com/maps/documentation/android-sdk/get-api-key
76
77             Once you have your API key (it starts with "AIza"), define a new property in your
78             project's local.properties file (e.g. MAPS_API_KEY=Aiza...), and replace the
79             "YOUR_API_KEY" string in this file with "${MAPS_API_KEY}".
80        -->
81        <meta-data
81-->src\main\AndroidManifest.xml:57:9-59:71
82            android:name="com.google.android.geo.API_KEY"
82-->src\main\AndroidManifest.xml:58:13-58
83            android:value="AIzaSyCesr-J0d3_ICPyGxkSKhPWJ4Ye0LfSxyA" />
83-->src\main\AndroidManifest.xml:59:13-68
84
85        <activity
85-->src\main\AndroidManifest.xml:61:9-64:59
86            android:name="com.ruipereira.MySweetCall.Mapa"
86-->src\main\AndroidManifest.xml:62:13-59
87            android:exported="false"
87-->src\main\AndroidManifest.xml:63:13-37
88            android:label="@string/title_activity_mapa" />
88-->src\main\AndroidManifest.xml:64:13-56
89        <activity
89-->src\main\AndroidManifest.xml:65:9-72:20
90            android:name="com.ruipereira.MySweetCall.Detalhe"
90-->src\main\AndroidManifest.xml:67:13-62
91            android:exported="false" >
91-->src\main\AndroidManifest.xml:68:13-37
92            <meta-data
92-->src\main\AndroidManifest.xml:22:13-24:36
93                android:name="android.app.lib_name"
93-->src\main\AndroidManifest.xml:23:17-52
94                android:value="" />
94-->src\main\AndroidManifest.xml:24:17-33
95        </activity>
96        <activity
96-->src\main\AndroidManifest.xml:73:9-85:20
97            android:name="com.ruipereira.MySweetCall.MainActivity"
97-->src\main\AndroidManifest.xml:74:13-67
98            android:exported="true" >
98-->src\main\AndroidManifest.xml:75:13-36
99            <intent-filter>
99-->src\main\AndroidManifest.xml:36:13-40:29
100                <action android:name="android.intent.action.MAIN" />
100-->src\main\AndroidManifest.xml:37:17-69
100-->src\main\AndroidManifest.xml:37:25-66
101
102                <category android:name="android.intent.category.LAUNCHER" />
102-->src\main\AndroidManifest.xml:39:17-77
102-->src\main\AndroidManifest.xml:39:27-74
103            </intent-filter>
104
105            <meta-data
105-->src\main\AndroidManifest.xml:22:13-24:36
106                android:name="android.app.lib_name"
106-->src\main\AndroidManifest.xml:23:17-52
107                android:value="" />
107-->src\main\AndroidManifest.xml:24:17-33
108        </activity>
109        <!-- Needs to be explicitly declared on P+ -->
110        <uses-library
110-->[com.google.android.gms:play-services-maps:18.1.0] AndroidManifest.xml:39:9-41:40
111            android:name="org.apache.http.legacy"
111-->[com.google.android.gms:play-services-maps:18.1.0] AndroidManifest.xml:40:13-50
112            android:required="false" />
112-->[com.google.android.gms:play-services-maps:18.1.0] AndroidManifest.xml:41:13-37
113
114        <activity
114-->[com.google.android.gms:play-services-base:18.0.1] AndroidManifest.xml:20:9-22:45
115            android:name="com.google.android.gms.common.api.GoogleApiActivity"
115-->[com.google.android.gms:play-services-base:18.0.1] AndroidManifest.xml:20:19-85
116            android:exported="false"
116-->[com.google.android.gms:play-services-base:18.0.1] AndroidManifest.xml:22:19-43
117            android:theme="@android:style/Theme.Translucent.NoTitleBar" />
117-->[com.google.android.gms:play-services-base:18.0.1] AndroidManifest.xml:21:19-78
118
119        <meta-data
119-->[com.google.android.gms:play-services-basement:18.0.0] AndroidManifest.xml:21:9-23:69
120            android:name="com.google.android.gms.version"
120-->[com.google.android.gms:play-services-basement:18.0.0] AndroidManifest.xml:22:13-58
121            android:value="@integer/google_play_services_version" />
121-->[com.google.android.gms:play-services-basement:18.0.0] AndroidManifest.xml:23:13-66
122
123        <provider
123-->[androidx.emoji2:emoji2:1.2.0] AndroidManifest.xml:24:9-32:20
124            android:name="androidx.startup.InitializationProvider"
124-->[androidx.emoji2:emoji2:1.2.0] AndroidManifest.xml:25:13-67
125            android:authorities="com.ruipereira.mysweetcall.androidx-startup"
125-->[androidx.emoji2:emoji2:1.2.0] AndroidManifest.xml:26:13-68
126            android:exported="false" >
126-->[androidx.emoji2:emoji2:1.2.0] AndroidManifest.xml:27:13-37
127            <meta-data
127-->[androidx.emoji2:emoji2:1.2.0] AndroidManifest.xml:29:13-31:52
128                android:name="androidx.emoji2.text.EmojiCompatInitializer"
128-->[androidx.emoji2:emoji2:1.2.0] AndroidManifest.xml:30:17-75
129                android:value="androidx.startup" />
129-->[androidx.emoji2:emoji2:1.2.0] AndroidManifest.xml:31:17-49
130            <meta-data
130-->[androidx.lifecycle:lifecycle-process:2.4.1] AndroidManifest.xml:31:13-33:52
131                android:name="androidx.lifecycle.ProcessLifecycleInitializer"
131-->[androidx.lifecycle:lifecycle-process:2.4.1] AndroidManifest.xml:32:17-78
132                android:value="androidx.startup" />
132-->[androidx.lifecycle:lifecycle-process:2.4.1] AndroidManifest.xml:33:17-49
133        </provider>
134    </application>
135
136</manifest>